<?xml version="1.0" encoding="UTF-8"?>
<!-- Generated by org.testng.reporters.JUnitXMLReporter -->
<testsuite ignored="13" hostname="Athira" failures="1" tests="1" name="Default test" time="40.688" errors="0" timestamp="2024-12-02T20:45:11 IST">
  <testcase classname="com.sevenrmartsupermart.tests.SubCategoryTest" name="createNewSubCategory" time="34.133">
    <failure type="java.lang.NullPointerException" message="Cannot invoke &amp;quot;org.openqa.selenium.WebDriver.getClass()&amp;quot; because &amp;quot;exceptionDriver&amp;quot; is null">
      <![CDATA[java.lang.NullPointerException: Cannot invoke "org.openqa.selenium.WebDriver.getClass()" because "exceptionDriver" is null
at org.openqa.selenium.support.ui.WebDriverWait.timeoutException(WebDriverWait.java:85)
at org.openqa.selenium.support.ui.FluentWait.until(FluentWait.java:228)
at com.sevenrmartsupermart.utilities.WaitUtility.waitForElementToBeVisible(WaitUtility.java:28)
at com.sevenrmartsupermart.pages.SubCategoryPage.getAlertMessage(SubCategoryPage.java:226)
at com.sevenrmartsupermart.tests.SubCategoryTest.createNewSubCategory(SubCategoryTest.java:44)
at java.base/jdk.internal.reflect.DirectMethodHandleAccessor.invoke(DirectMethodHandleAccessor.java:103)
at java.base/java.lang.reflect.Method.invoke(Method.java:580)
at org.testng.internal.invokers.MethodInvocationHelper.invokeMethod(MethodInvocationHelper.java:139)
at org.testng.internal.invokers.TestInvoker.invokeMethod(TestInvoker.java:677)
at org.testng.internal.invokers.TestInvoker.invokeTestMethod(TestInvoker.java:221)
at org.testng.internal.invokers.MethodRunner.runInSequence(MethodRunner.java:50)
at org.testng.internal.invokers.TestInvoker$MethodInvocationAgent.invoke(TestInvoker.java:969)
at org.testng.internal.invokers.TestInvoker.invokeTestMethods(TestInvoker.java:194)
at org.testng.internal.invokers.TestMethodWorker.invokeTestMethods(TestMethodWorker.java:148)
at org.testng.internal.invokers.TestMethodWorker.run(TestMethodWorker.java:128)
at java.base/java.util.ArrayList.forEach(ArrayList.java:1597)
at org.testng.TestRunner.privateRun(TestRunner.java:829)
at org.testng.TestRunner.run(TestRunner.java:602)
at org.testng.SuiteRunner.runTest(SuiteRunner.java:437)
at org.testng.SuiteRunner.runSequentially(SuiteRunner.java:431)
at org.testng.SuiteRunner.privateRun(SuiteRunner.java:391)
at org.testng.SuiteRunner.run(SuiteRunner.java:330)
at org.testng.SuiteRunnerWorker.runSuite(SuiteRunnerWorker.java:52)
at org.testng.SuiteRunnerWorker.run(SuiteRunnerWorker.java:95)
at org.testng.TestNG.runSuitesSequentially(TestNG.java:1256)
at org.testng.TestNG.runSuitesLocally(TestNG.java:1176)
at org.testng.TestNG.runSuites(TestNG.java:1099)
at org.testng.TestNG.run(TestNG.java:1067)
at org.testng.remote.AbstractRemoteTestNG.run(AbstractRemoteTestNG.java:115)
at org.testng.remote.RemoteTestNG.initAndRun(RemoteTestNG.java:293)
at org.testng.remote.RemoteTestNG.main(RemoteTestNG.java:91)
]]>
    </failure>
  </testcase> <!-- createNewSubCategory -->
  <testcase classname="com.sevenrmartsupermart.tests.SubCategoryTest" name="verificationOfSearchFunctionality" time="0.0">
    <ignored/>
  </testcase> <!-- verificationOfSearchFunctionality -->
  <testcase classname="com.sevenrmartsupermart.tests.SubCategoryTest" name="verifySearchWithInvalidData" time="0.0">
    <ignored/>
  </testcase> <!-- verifySearchWithInvalidData -->
  <testcase classname="com.sevenrmartsupermart.tests.SubCategoryTest" name="verifySearchResultMessage" time="0.0">
    <ignored/>
  </testcase> <!-- verifySearchResultMessage -->
  <testcase classname="com.sevenrmartsupermart.tests.SubCategoryTest" name="verifyCSSPropertyOfNewIcon" time="0.0">
    <ignored/>
  </testcase> <!-- verifyCSSPropertyOfNewIcon -->
  <testcase classname="com.sevenrmartsupermart.tests.SubCategoryTest" name="verifyRandomNamesInSubCategoryList" time="0.0">
    <ignored/>
  </testcase> <!-- verifyRandomNamesInSubCategoryList -->
  <testcase classname="com.sevenrmartsupermart.tests.SubCategoryTest" name="createNewSubCategoryWithImage" time="0.0">
    <ignored/>
  </testcase> <!-- createNewSubCategoryWithImage -->
  <testcase classname="com.sevenrmartsupermart.tests.SubCategoryTest" name="VerifySearchResult" time="0.0">
    <ignored/>
  </testcase> <!-- VerifySearchResult -->
  <testcase classname="com.sevenrmartsupermart.tests.SubCategoryTest" name="checkResetIconStatus" time="0.0">
    <ignored/>
  </testcase> <!-- checkResetIconStatus -->
  <testcase classname="com.sevenrmartsupermart.tests.SubCategoryTest" name="verifySearchButtonStatus" time="0.0">
    <ignored/>
  </testcase> <!-- verifySearchButtonStatus -->
  <testcase classname="com.sevenrmartsupermart.tests.SubCategoryTest" name="verifyCSSPropertyOfSearchButton" time="0.0">
    <ignored/>
  </testcase> <!-- verifyCSSPropertyOfSearchButton -->
  <testcase classname="com.sevenrmartsupermart.tests.SubCategoryTest" name="verifySearchResultByDataProvider" time="0.0">
    <ignored/>
  </testcase> <!-- verifySearchResultByDataProvider -->
  <testcase classname="com.sevenrmartsupermart.tests.SubCategoryTest" name="verifyCSSPropertyOfResetButton" time="0.0">
    <ignored/>
  </testcase> <!-- verifyCSSPropertyOfResetButton -->
  <testcase classname="com.sevenrmartsupermart.tests.SubCategoryTest" name="verifyStatusOfSerchResult" time="0.0">
    <ignored/>
  </testcase> <!-- verifyStatusOfSerchResult -->
</testsuite> <!-- Default test -->
