<?xml version="1.0" encoding="UTF-8"?>
<!-- Generated by org.testng.reporters.JUnitXMLReporter -->
<testsuite ignored="0" hostname="Athira" failures="1" tests="18" name="executinginfirefox" time="13.488" errors="0" timestamp="2024-11-20T20:30:35 IST">
  <testcase classname="com.sevenrmartsupermart.tests.LoginTest" name="checkStatusOfRememberCheckbox" time="0.0">
    <skipped/>
  </testcase> <!-- checkStatusOfRememberCheckbox -->
  <testcase classname="com.sevenrmartsupermart.tests.LoginTest" name="checkStatusOfSignInButton" time="0.0">
    <skipped/>
  </testcase> <!-- checkStatusOfSignInButton -->
  <testcase classname="com.sevenrmartsupermart.tests.LoginTest" name="loginWithWrongData" time="0.0">
    <skipped/>
  </testcase> <!-- loginWithWrongData -->
  <testcase classname="com.sevenrmartsupermart.tests.LoginTest" name="verifyAdminUserLogin" time="0.0">
    <skipped/>
  </testcase> <!-- verifyAdminUserLogin -->
  <testcase classname="com.sevenrmartsupermart.tests.LoginTest" name="verifyLoginWithoutParameter" time="0.0">
    <skipped/>
  </testcase> <!-- verifyLoginWithoutParameter -->
  <testcase classname="com.sevenrmartsupermart.tests.HomeTest" name="subCategoryVerification" time="0.0">
    <skipped/>
  </testcase> <!-- subCategoryVerification -->
  <testcase classname="com.sevenrmartsupermart.tests.HomeTest" name="verifyAdminUserLogin" time="0.0">
    <skipped/>
  </testcase> <!-- verifyAdminUserLogin -->
  <testcase classname="com.sevenrmartsupermart.tests.SubCategoryTest" name="VerifySearchResult" time="0.0">
    <skipped/>
  </testcase> <!-- VerifySearchResult -->
  <testcase classname="com.sevenrmartsupermart.tests.SubCategoryTest" name="VerifySearchResultMessage" time="0.0">
    <skipped/>
  </testcase> <!-- VerifySearchResultMessage -->
  <testcase classname="com.sevenrmartsupermart.tests.SubCategoryTest" name="checkResetIconStatus" time="0.0">
    <skipped/>
  </testcase> <!-- checkResetIconStatus -->
  <testcase classname="com.sevenrmartsupermart.tests.SubCategoryTest" name="subCategoryPageVerification" time="0.0">
    <skipped/>
  </testcase> <!-- subCategoryPageVerification -->
  <testcase classname="com.sevenrmartsupermart.tests.SubCategoryTest" name="verificationOfSearchButton" time="0.0">
    <skipped/>
  </testcase> <!-- verificationOfSearchButton -->
  <testcase classname="com.sevenrmartsupermart.tests.SubCategoryTest" name="verifyCSSPropertyOfNewIcon" time="0.0">
    <skipped/>
  </testcase> <!-- verifyCSSPropertyOfNewIcon -->
  <testcase classname="com.sevenrmartsupermart.tests.SubCategoryTest" name="verifyCSSPropertyOfResetButton" time="0.0">
    <skipped/>
  </testcase> <!-- verifyCSSPropertyOfResetButton -->
  <testcase classname="com.sevenrmartsupermart.tests.SubCategoryTest" name="verifyCSSPropertyOfSearchButton" time="0.0">
    <skipped/>
  </testcase> <!-- verifyCSSPropertyOfSearchButton -->
  <testcase classname="com.sevenrmartsupermart.tests.SubCategoryTest" name="verifySearchButtonStatus" time="0.0">
    <skipped/>
  </testcase> <!-- verifySearchButtonStatus -->
  <testcase classname="com.sevenrmartsupermart.tests.SubCategoryTest" name="verifySearchButtonUsingDataprovider" time="0.014">
    <failure type="org.testng.internal.reflect.MethodMatcherException" message="
[public void com.sevenrmartsupermart.tests.SubCategoryTest.verifySearchButtonUsingDataprovider(java.lang.String,java.lang.String)] has no parameters defined but was found to be using a data provider (either explicitly specified or inherited from class level annotation).
Data provider mismatch
Method: verifySearchButtonUsingDataprovider([java.lang.String arg0, java.lang.String arg1])
Arguments: [null]">
      <![CDATA[org.testng.internal.reflect.MethodMatcherException: 
[public void com.sevenrmartsupermart.tests.SubCategoryTest.verifySearchButtonUsingDataprovider(java.lang.String,java.lang.String)] has no parameters defined but was found to be using a data provider (either explicitly specified or inherited from class level annotation).
Data provider mismatch
Method: verifySearchButtonUsingDataprovider([java.lang.String arg0, java.lang.String arg1])
Arguments: [null]
at java.base/java.util.ArrayList.forEach(ArrayList.java:1597)
at java.base/java.util.concurrent.FutureTask.run(FutureTask.java:317)
at java.base/java.util.concurrent.ThreadPoolExecutor.runWorker(ThreadPoolExecutor.java:1144)
at java.base/java.util.concurrent.ThreadPoolExecutor$Worker.run(ThreadPoolExecutor.java:642)
at java.base/java.lang.Thread.run(Thread.java:1570)
... Removed 12 stack frames]]>
    </failure>
  </testcase> <!-- verifySearchButtonUsingDataprovider -->
  <testcase classname="com.sevenrmartsupermart.tests.SubCategoryTest" name="verifySearchWithInvalidData" time="0.0">
    <skipped/>
  </testcase> <!-- verifySearchWithInvalidData -->
</testsuite> <!-- executinginfirefox -->
