<?xml version="1.0" encoding="UTF-8"?>
<!-- Generated by org.testng.reporters.JUnitXMLReporter -->
<testsuite ignored="0" hostname="Athira" failures="1" tests="18" name="executinginchrome" time="67.437" errors="0" timestamp="2024-11-20T20:31:29 IST">
  <testcase classname="com.sevenrmartsupermart.tests.LoginTest" name="checkStatusOfRememberCheckbox" time="0.077"/>
  <testcase classname="com.sevenrmartsupermart.tests.LoginTest" name="checkStatusOfSignInButton" time="0.033"/>
  <testcase classname="com.sevenrmartsupermart.tests.LoginTest" name="loginWithWrongData" time="0.586"/>
  <testcase classname="com.sevenrmartsupermart.tests.LoginTest" name="verifyAdminUserLogin" time="1.595"/>
  <testcase classname="com.sevenrmartsupermart.tests.LoginTest" name="verifyLoginWithoutParameter" time="0.842"/>
  <testcase classname="com.sevenrmartsupermart.tests.HomeTest" name="subCategoryVerification" time="1.136"/>
  <testcase classname="com.sevenrmartsupermart.tests.HomeTest" name="verifyAdminUserLogin" time="1.251"/>
  <testcase classname="com.sevenrmartsupermart.tests.SubCategoryTest" name="VerifySearchResult" time="2.186"/>
  <testcase classname="com.sevenrmartsupermart.tests.SubCategoryTest" name="VerifySearchResultMessage" time="2.123"/>
  <testcase classname="com.sevenrmartsupermart.tests.SubCategoryTest" name="checkResetIconStatus" time="0.957"/>
  <testcase classname="com.sevenrmartsupermart.tests.SubCategoryTest" name="subCategoryPageVerification" time="1.275"/>
  <testcase classname="com.sevenrmartsupermart.tests.SubCategoryTest" name="verificationOfSearchButton" time="2.175"/>
  <testcase classname="com.sevenrmartsupermart.tests.SubCategoryTest" name="verifyCSSPropertyOfNewIcon" time="1.169"/>
  <testcase classname="com.sevenrmartsupermart.tests.SubCategoryTest" name="verifyCSSPropertyOfResetButton" time="1.413"/>
  <testcase classname="com.sevenrmartsupermart.tests.SubCategoryTest" name="verifyCSSPropertyOfSearchButton" time="1.112"/>
  <testcase classname="com.sevenrmartsupermart.tests.SubCategoryTest" name="verifySearchButtonStatus" time="0.995"/>
  <testcase classname="com.sevenrmartsupermart.tests.SubCategoryTest" name="verifySearchButtonUsingDataprovider" time="0.002">
    <failure type="org.testng.internal.reflect.MethodMatcherException" message="
[public void com.sevenrmartsupermart.tests.SubCategoryTest.verifySearchButtonUsingDataprovider(java.lang.String,java.lang.String)] has no parameters defined but was found to be using a data provider (either explicitly specified or inherited from class level annotation).
Data provider mismatch
Method: verifySearchButtonUsingDataprovider([java.lang.String arg0, java.lang.String arg1])
Arguments: [null]">
      <![CDATA[org.testng.internal.reflect.MethodMatcherException: 
[public void com.sevenrmartsupermart.tests.SubCategoryTest.verifySearchButtonUsingDataprovider(java.lang.String,java.lang.String)] has no parameters defined but was found to be using a data provider (either explicitly specified or inherited from class level annotation).
Data provider mismatch
Method: verifySearchButtonUsingDataprovider([java.lang.String arg0, java.lang.String arg1])
Arguments: [null]
at java.base/java.util.ArrayList.forEach(ArrayList.java:1597)
at java.base/java.util.concurrent.FutureTask.run(FutureTask.java:317)
at java.base/java.util.concurrent.ThreadPoolExecutor.runWorker(ThreadPoolExecutor.java:1144)
at java.base/java.util.concurrent.ThreadPoolExecutor$Worker.run(ThreadPoolExecutor.java:642)
at java.base/java.lang.Thread.run(Thread.java:1570)
... Removed 12 stack frames]]>
    </failure>
  </testcase> <!-- verifySearchButtonUsingDataprovider -->
  <testcase classname="com.sevenrmartsupermart.tests.SubCategoryTest" name="verifySearchWithInvalidData" time="1.99"/>
</testsuite> <!-- executinginchrome -->
